10:36:13.918 [background-preinit] INFO  o.h.v.i.util.Version - [<clinit>,21] - HV000001: Hibernate Validator 6.2.3.Final
10:36:14.197 [restartedMain] INFO  c.r.RuoYiApplication - [logStarting,55] - Starting RuoYiApplication using Java 1.8.0_321 on sanhuodeMacBook-Pro.local with PID 67660 (/Users/s/Desktop/JinLianERP/RuoYi-JFlow/ruoyi-admin/target/classes started by s in /Users/s/Desktop/JinLianERP/RuoYi-JFlow)
10:36:14.200 [restartedMain] INFO  c.r.RuoYiApplication - [logStartupProfileInfo,686] - The following 1 profile is active: "druid"
10:36:23.117 [restartedMain] INFO  o.a.s.c.e.EhCacheManager - [getCache,169] - Using existing EHCache named [sys-authCache]
10:36:25.801 [restartedMain] INFO  o.a.s.c.e.EhCacheManager - [getCache,169] - Using existing EHCache named [loginRecordCache]
10:36:29.489 [restartedMain] INFO  c.a.d.p.DruidDataSource - [init,996] - {dataSource-1} inited
10:36:29.796 [restartedMain] INFO  o.a.s.c.e.EhCacheManager - [getCache,169] - Using existing EHCache named [sys-config]
10:36:29.805 [restartedMain] INFO  o.a.s.c.e.EhCacheManager - [getCache,169] - Using existing EHCache named [sys-config]
10:36:29.806 [restartedMain] INFO  o.a.s.c.e.EhCacheManager - [getCache,169] - Using existing EHCache named [sys-config]
10:36:29.806 [restartedMain] INFO  o.a.s.c.e.EhCacheManager - [getCache,169] - Using existing EHCache named [sys-config]
10:36:29.807 [restartedMain] INFO  o.a.s.c.e.EhCacheManager - [getCache,169] - Using existing EHCache named [sys-config]
10:36:29.807 [restartedMain] INFO  o.a.s.c.e.EhCacheManager - [getCache,169] - Using existing EHCache named [sys-config]
10:36:29.808 [restartedMain] INFO  o.a.s.c.e.EhCacheManager - [getCache,169] - Using existing EHCache named [sys-config]
10:36:29.809 [restartedMain] INFO  o.a.s.c.e.EhCacheManager - [getCache,169] - Using existing EHCache named [sys-config]
10:36:29.809 [restartedMain] INFO  o.a.s.c.e.EhCacheManager - [getCache,169] - Using existing EHCache named [sys-config]
10:36:29.810 [restartedMain] INFO  o.a.s.c.e.EhCacheManager - [getCache,169] - Using existing EHCache named [sys-config]
10:36:30.270 [restartedMain] INFO  o.a.s.c.e.EhCacheManager - [getCache,169] - Using existing EHCache named [sys-userCache]
10:36:31.617 [restartedMain] INFO  o.a.c.h.Http11NioProtocol - [log,173] - Initializing ProtocolHandler ["http-nio-8089"]
10:36:31.619 [restartedMain] INFO  o.a.c.c.StandardService - [log,173] - Starting service [Tomcat]
10:36:31.620 [restartedMain] INFO  o.a.c.c.StandardEngine - [log,173] - Starting Servlet engine: [Apache Tomcat/9.0.63]
10:36:31.914 [restartedMain] INFO  o.a.c.c.C.[.[.[/ry-jflow] - [log,173] - Initializing Spring embedded WebApplicationContext
10:36:33.345 [restartedMain] INFO  o.a.s.c.e.EhCacheManager - [getCache,169] - Using existing EHCache named [sys-dict]
10:36:33.345 [restartedMain] INFO  o.a.s.c.e.EhCacheManager - [getCache,169] - Using existing EHCache named [sys-dict]
10:36:33.346 [restartedMain] INFO  o.a.s.c.e.EhCacheManager - [getCache,169] - Using existing EHCache named [sys-dict]
10:36:33.346 [restartedMain] INFO  o.a.s.c.e.EhCacheManager - [getCache,169] - Using existing EHCache named [sys-dict]
10:36:33.347 [restartedMain] INFO  o.a.s.c.e.EhCacheManager - [getCache,169] - Using existing EHCache named [sys-dict]
10:36:33.347 [restartedMain] INFO  o.a.s.c.e.EhCacheManager - [getCache,169] - Using existing EHCache named [sys-dict]
10:36:33.348 [restartedMain] INFO  o.a.s.c.e.EhCacheManager - [getCache,169] - Using existing EHCache named [sys-dict]
10:36:33.348 [restartedMain] INFO  o.a.s.c.e.EhCacheManager - [getCache,169] - Using existing EHCache named [sys-dict]
10:36:33.349 [restartedMain] INFO  o.a.s.c.e.EhCacheManager - [getCache,169] - Using existing EHCache named [sys-dict]
10:36:33.349 [restartedMain] INFO  o.a.s.c.e.EhCacheManager - [getCache,169] - Using existing EHCache named [sys-dict]
10:36:34.046 [restartedMain] INFO  o.q.i.StdSchedulerFactory - [instantiate,1220] - Using default implementation for ThreadExecutor
10:36:34.132 [restartedMain] INFO  o.q.c.SchedulerSignalerImpl - [<init>,61] - Initialized Scheduler Signaller of type: class org.quartz.core.SchedulerSignalerImpl
10:36:34.132 [restartedMain] INFO  o.q.c.QuartzScheduler - [<init>,229] - Quartz Scheduler v.2.3.2 created.
10:36:34.133 [restartedMain] INFO  o.q.s.RAMJobStore - [initialize,155] - RAMJobStore initialized.
10:36:34.134 [restartedMain] INFO  o.q.c.QuartzScheduler - [initialize,294] - Scheduler meta-data: Quartz Scheduler (v2.3.2) 'quartzScheduler' with instanceId 'NON_CLUSTERED'
  Scheduler class: 'org.quartz.core.QuartzScheduler' - running locally.
  NOT STARTED.
  Currently in standby mode.
  Number of jobs executed: 0
  Using thread pool 'org.quartz.simpl.SimpleThreadPool' - with 10 threads.
  Using job-store 'org.quartz.simpl.RAMJobStore' - which does not support persistence. and is not clustered.

10:36:34.134 [restartedMain] INFO  o.q.i.StdSchedulerFactory - [instantiate,1374] - Quartz scheduler 'quartzScheduler' initialized from an externally provided properties instance.
10:36:34.135 [restartedMain] INFO  o.q.i.StdSchedulerFactory - [instantiate,1378] - Quartz scheduler version: 2.3.2
10:36:34.135 [restartedMain] INFO  o.q.c.QuartzScheduler - [setJobFactory,2293] - JobFactory set to: org.springframework.scheduling.quartz.SpringBeanJobFactory@416745b1
10:36:39.808 [restartedMain] INFO  o.a.c.h.Http11NioProtocol - [log,173] - Starting ProtocolHandler ["http-nio-8089"]
10:36:40.964 [restartedMain] INFO  o.q.c.QuartzScheduler - [start,547] - Scheduler quartzScheduler_$_NON_CLUSTERED started.
10:36:40.986 [restartedMain] INFO  c.r.RuoYiApplication - [logStarted,61] - Started RuoYiApplication in 29.436 seconds (JVM running for 35.116)
10:38:19.994 [http-nio-8089-exec-1] INFO  o.a.c.c.C.[.[.[/ry-jflow] - [log,173] - Initializing Spring DispatcherServlet 'dispatcherServlet'
10:38:20.967 [http-nio-8089-exec-1] INFO  o.a.s.s.m.AbstractValidatingSessionManager - [enableSessionValidation,233] - Enabling session validation scheduler...
10:38:21.243 [http-nio-8089-exec-1] INFO  o.a.s.c.e.EhCacheManager - [getCache,169] - Using existing EHCache named [shiro-activeSessionCache]
10:38:22.065 [schedule-pool-1] INFO  c.r.f.s.w.s.OnlineWebSessionManager - [validateSessions,100] - invalidation sessions...
10:38:23.542 [schedule-pool-1] INFO  o.a.s.c.e.EhCacheManager - [getCache,169] - Using existing EHCache named [sys-userCache]
10:38:24.034 [schedule-pool-1] INFO  c.r.f.s.w.s.OnlineWebSessionManager - [validateSessions,165] - Finished invalidation session. [1] sessions were stopped.
10:38:24.148 [http-nio-8089-exec-1] INFO  o.a.s.c.e.EhCacheManager - [getCache,169] - Using existing EHCache named [sys-config]
10:39:04.799 [http-nio-8089-exec-22] INFO  o.a.s.c.e.EhCacheManager - [getCache,169] - Using existing EHCache named [sys-config]
10:39:05.527 [schedule-pool-2] INFO  sys-user - [run,109] - [127.0.0.1]内网IP[admin][Success][登录成功]
10:39:10.042 [http-nio-8089-exec-21] INFO  o.a.s.c.e.EhCacheManager - [getCache,169] - Using existing EHCache named [sys-config]
10:39:10.042 [http-nio-8089-exec-21] INFO  o.a.s.c.e.EhCacheManager - [getCache,169] - Using existing EHCache named [sys-config]
10:39:10.043 [http-nio-8089-exec-21] INFO  o.a.s.c.e.EhCacheManager - [getCache,169] - Using existing EHCache named [sys-config]
10:39:10.043 [http-nio-8089-exec-21] INFO  o.a.s.c.e.EhCacheManager - [getCache,169] - Using existing EHCache named [sys-config]
10:39:10.043 [http-nio-8089-exec-21] INFO  o.a.s.c.e.EhCacheManager - [getCache,169] - Using existing EHCache named [sys-config]
10:39:10.044 [http-nio-8089-exec-21] INFO  o.a.s.c.e.EhCacheManager - [getCache,169] - Using existing EHCache named [sys-config]
10:39:10.046 [http-nio-8089-exec-21] INFO  o.a.s.c.e.EhCacheManager - [getCache,169] - Using existing EHCache named [sys-config]
10:39:12.666 [http-nio-8089-exec-68] INFO  bp.da.Log - [ProcessRequestPost,43] - 方法[WebUser_Init]类[class bp.wf.httphandler.WF_Comm]
10:39:12.775 [http-nio-8089-exec-69] INFO  bp.da.Log - [ProcessRequestPost,43] - 方法[Todolist_Init]类[class bp.wf.httphandler.WF_Comm]，
10:39:16.290 [http-nio-8089-exec-69] INFO  bp.da.Log - [GetObjects,89] - 扫描 bp.difference.handler.WebContralBase 父类，共 16 子类：[class bp.cloud.httphandler.App_OneFlow, class bp.ccbill.WF_CCBill_Admin_Collection, class bp.ccbill.WF_CCBill_Admin_MethodDocSys, class bp.ccfast.ccmenu.PortPage, class bp.app.handler.ZYApp, class bp.ccbill.WF_CCBill_API, class bp.ccbill.WF_CCBill_Opt, class bp.ccbill.WF_CCBill_Portal, class bp.wf.difference.WF_Admin_FoolFormDesigner, class bp.ccbill.WF_CCBill_Admin_DBList, class bp.ccbill.WF_CCBill_Admin, class bp.ccbill.WF_CCBill_Admin_Method, class bp.ccbill.WF_CCBill_OptComponents, class bp.ccbill.WF_CCBill, class bp.ccbill.WF_CCBill_Admin_MethodDoc, class bp.ccbill.WF_CCBill_OptOneFlow]
10:39:37.350 [http-nio-8089-exec-87] INFO  bp.da.Log - [ProcessRequestPost,43] - 方法[WebUser_Init]类[class bp.wf.httphandler.WF_Comm]
10:39:37.406 [http-nio-8089-exec-88] INFO  bp.da.Log - [ProcessRequestPost,43] - 方法[Start_Init]类[class bp.wf.httphandler.WF_Comm]，
10:39:40.531 [http-nio-8089-exec-90] INFO  bp.da.Log - [ProcessRequestPost,43] - 方法[MyFlow_Init]类[class bp.wf.httphandler.WF_Comm]，
10:39:42.527 [http-nio-8089-exec-90] INFO  bp.da.Log - [GetObjects,89] - 扫描 bp.en.Entities 父类，共 303 子类：[class bp.wf.template.FlowSheets, class bp.wf.data.admingroup.CHExts, class bp.sys.GroupFields, class bp.wf.Auths, class bp.ccoa.worklog.WorkShares, class bp.ccfast.portal.windowext.Tables, class bp.demo.QingJias, class bp.ccfast.portal.windowext.iFrames, class bp.ccoa.knowledgemanagement.KMDtls, class bp.wf.template.FindWorkerRoles, class bp.sys.ExtContrals, class bp.ccoa.ccinfo.InfoTypes, class bp.sys.frmui.ExtLinks, class bp.wf.ReturnWorks, class bp.sys.FrmBtns, class bp.wf.weixin.Emps, class bp.port.Tokens, class bp.ccfast.ccmenu.Groups, class bp.ccoa.Tasks, class bp.app.handler.Entity.XZCJs, class bp.ccbill.template.MethodFlowBaseDatas, class bp.ccfast.portal.Windows, class bp.wf.data.Evals, class bp.wf.data.GenerWorkFlowExts, class bp.ccbill.GenerBills, class bp.wf.template.FlowOrgs, class bp.wf.data.GenerWorkFlowViewNYs, class bp.sys.frmui.MapAttrFixeds, class bp.wf.template.ExtJobSchedules, class bp.wf.template.SQLTemplates, class bp.wf.template.ccen.CCStations, class bp.wf.data.admingroup.GenerWorkFlowViews, class bp.wf.template.FlowFormTrees, class bp.ccfast.portal.WindowTemplates, class bp.wf.CCLists, class bp.wf.template.sflow.SubFlowHandGuides, class bp.ccbill.template.MethodSingleDictGenerWorkFlows, class bp.sys.GloVars, class bp.wf.data.FlowSimples, class bp.wf.template.Directions, class bp.ccbill.template.CollectionLinks, class bp.wf.template.NodeEmps, class bp.sys.SFTableSQLs, class bp.ccfast.ccmenu.PowerCenters, class bp.sys.frmui.SFTables, class bp.port.StationTypes, class bp.sys.GEEntityExcelFrms, class bp.sys.FrmImgAthDBs, class bp.sys.UserLogTypes, class bp.wf.data.admin2group.CHExts, class bp.ccfast.ccmenu.Modules, class bp.wf.template.FrmNodeFieldRemoves, class bp.wf.template.PowerModels, class bp.sys.UserLogs, class bp.wf.template.frm.MapFrmWpss, class bp.sys.frmui.MapAttrDocWordReceives, class bp.sys.frmui.MapAttrFlowBBSs, class bp.port.DeptEmpStations, class bp.wf.template.NodeReturns, class bp.ccfast.ccmenu.EmpMenus, class bp.ccfast.portal.windowext.Dtls, class bp.wf.template.FrmWorkChecks, class bp.wf.template.NodeStations, class bp.sys.FrmImgs, class bp.wf.template.NodeDepts, class bp.wf.template.sflow.FrmSubFlows, class bp.wf.template.FrmNodes, class bp.wf.template.frm.MapFrmNodes, class bp.ccfast.portal.windowext.ChartLines, class bp.ccbill.DBLists, class bp.sys.GEEntitys, class bp.wf.template.FlowExts, class bp.wf.port.Users, class bp.wf.data.AutoRpts, class bp.wf.template.Conds, class bp.sys.frmui.MapAttrBoolens, class bp.ccbill.template.MethodFuncs, class bp.ccfast.ccmenu.GroupDepts, class bp.sys.FrmAttachmentDBs, class bp.wf.data.GERpts, class bp.wf.template.BillTemplates, class bp.wf.SMSs, class bp.wf.Flows, class bp.ccbill.template.MethodFlowEtcs, class bp.sys.SFDBSrcs, class bp.wf.admin.FrmSorts, class bp.ccfast.portal.windowext.ChartRings, class bp.wf.port.Depts, class bp.wf.template.frm.MapFrmExcels, class bp.sys.frmui.ExtScores, class bp.sys.frmui.MapAttrDataViews, class bp.demo.Students, class bp.port.Teams, class bp.ccfast.portal.windowext.TabDtls, class bp.demo.BanJis, class bp.wf.template.frm.CCFrms, class bp.sys.SFTables, class bp.wf.template.frm.MapFrmFools, class bp.sys.SFTableDicts, class bp.sys.frmui.SFTableClasss, class bp.wf.Nodes, class bp.wf.template.frm.MapFrmWords, class bp.sys.FrmEleDBs, class bp.ccbill.template.MethodLinks, class bp.sys.FrmDBVers, class bp.wf.template.TruckViewPowers, class bp.sys.UserRegedits, class bp.port.Emps, class bp.port.Stations, class bp.pub.NYs, class bp.wf.Tracks, class bp.sys.frmui.MapAttrGovDocFiles, class bp.sys.FrmImgAths, class bp.wf.template.AccepterRoles, class bp.ccfast.portal.windowext.Tabs, class bp.wf.data.CHExts, class bp.wf.WorkFlowDeleteLogs, class bp.ccoa.worklog.WorkRecDtls, class bp.en.GENoNames, class bp.wf.template.FlowTabs, class bp.ccbill.template.ToolbarBtns, class bp.demo.StudentKeMus, class bp.ccfast.ccmenu.Tabs, class bp.wf.port.admingroup.Orgs, class bp.sys.MapDtls, class bp.app.handler.Entity.Emps, class bp.sys.EnVers, class bp.sys.frmui.MapAttrSFTables, class bp.wf.data.Monitors, class bp.wf.data.MyJoinFlows, class bp.wf.template.FrmNodeComponents, class bp.sys.FrmDBRemarks, class bp.sys.FrmEvents, class bp.wf.port.admin2group.Depts, class bp.sys.MapDatas, class bp.sys.frmui.FrmBtns, class bp.wf.template.DirectionStations, class bp.wf.template.FrmNodeJiJians, class bp.wf.GEWorks, class bp.sys.SysFileManagers, class bp.ccbill.DBListDBSrcs, class bp.sys.frmui.MapAttrSFSQLs, class bp.ccfast.StandAloneFlows, class bp.wf.data.Delays, class bp.sys.FrmRBs, class bp.ccbill.template.CollectionFlowNewEntitys, class bp.wf.template.sflow.SubFlowAutos, class bp.ccoa.knowledgemanagement.Knowledges, class bp.wf.template.NodeCancels, class bp.ccfast.ccmenu.StationMenus, class bp.wf.port.admin2group.Orgs, class bp.wf.template.Parts, class bp.ccbill.template.MethodFlowNewEntitys, class bp.sys.SFTableDtls, class bp.wf.template.frm.MapDataExts, class bp.ccbill.template.FrmDeptCreates, class bp.wf.port.admin2group.OAFrmTrees, class bp.sys.EnCfgs, class bp.wf.port.admin2group.OAFlowSorts, class bp.wf.template.FrmTracks, class bp.ccfast.portal.windowext.ChartPies, class bp.wf.template.FrmFields, class bp.wf.template.DocTemplates, class bp.sys.Serials, class bp.sys.SysDocFiles, class bp.sys.MapExts, class bp.wf.template.FrmTransferCustoms, class bp.wf.template.ccen.CCEmps, class bp.sys.frmui.ExtImgs, class bp.wf.rpt.RptDfines, class bp.wf.data.CCListExts, class bp.wf.template.sflow.SubFlowHands, class bp.sys.UserLogLevels, class bp.wf.template.PushMsgs, class bp.ccoa.Notepads, class bp.ccfast.rpt.Rpt3Ds, class bp.sys.frmui.FrmImgAths, class bp.ccbill.template.FrmStationDepts, class bp.sys.GloVarExts, class bp.wf.GenerWorkerLists, class bp.wf.admin.FlowSorts, class bp.ccbill.template.MethodQRCodes, class bp.sys.FastInputs, class bp.sys.MapDataVers, class bp.sys.frmui.MapAttrStrings, class bp.sys.frmui.FrmAttachmentSingles, class bp.sys.frmui.MapAttrNums, class bp.ccbill.sys.Funcs, class bp.wf.template.NodeExts, class bp.wf.template.NodeToolbars, class bp.sys.SysEnumMains, class bp.sys.EnVerDtls, class bp.ccfast.ccmenu.DeptMenus, class bp.wf.data.MyAuthtos, class bp.port.DeptEmps, class bp.wf.TransferCustoms, class bp.wf.template.Tasks, class bp.ccbill.Tracks, class bp.ccfast.ccmenu.Menus, class bp.en.GETrees, class bp.ccfast.ccmenu.GroupStations, class bp.wf.template.NodeSheets, class bp.wf.template.sflow.SubFlowYanXus, class bp.sys.GEEntityWordFrms, class bp.sys.frmui.AthSingles, class bp.wf.template.FrmOrgs, class bp.sys.MapAttrs, class bp.sys.RptTemplates, class bp.sys.frmui.MapAttrPrints, class bp.wf.admin.Orgs, class bp.ccbill.template.MethodFlows, class bp.ccfast.portal.windowext.HtmlVarDtls, class bp.wf.template.sflow.SubFlows, class bp.ccfast.portal.windowext.HtmlVars, class bp.ccbill.template.Methods, class bp.wf.data.MyDeptTodolists, class bp.sys.GEDtls, class bp.port.Depts, class bp.ccoa.knowledgemanagement.KMTrees, class bp.sys.GroupEnsTemplates, class bp.wf.port.admin2group.OrgAdminers, class bp.ccbill.template.EmpCreates, class bp.ccoa.ccinfo.Infos, class bp.port.TeamTypes, class bp.ccbill.template.GroupMethods, class bp.wf.template.NodeWorkChecks, class bp.wf.rpt.RptStations, class bp.wf.data.MyDeptFlows, class bp.wf.template.FrmNodeExts, class bp.ccbill.template.StationCreates, class bp.wf.template.SelectAccpers, class bp.wf.data.CHNodes, class bp.sys.Langues, class bp.ccfast.ccmenu.TabDtls, class bp.ccbill.FrmBills, class bp.sys.SysEnums, class bp.wf.template.frm.MapDtlExts, class bp.ccbill.template.Collections, class bp.ccfast.ccmenu.GroupEmps, class bp.wf.template.ccen.CCs, class bp.wf.template.LabNotes, class bp.wf.template.SysFormTrees, class bp.wf.template.frm.MapFrmReferencePanels, class bp.sys.CFields, class bp.wf.port.DeptFlowSearchs, class bp.sys.frmui.ExtHandWritings, class bp.wf.data.admin2group.GenerWorkFlowViews, class bp.wf.data.MyStartFlows, class bp.wf.RememberMes, class bp.sys.frmui.ExtMaps, class bp.wf.GenerWorkFlows, class bp.ccoa.worklog.WorkRecs, class bp.sys.MapFrames, class bp.wf.GERpts, class bp.sys.GEEntityMyPKs, class bp.sys.frmui.MapAttrEnums, class bp.ccbill.template.MethodBills, class bp.ccfast.portal.windowext.ChartChinas, class bp.wf.data.MyDeptEmps, class bp.port.TeamEmps, class bp.ccfast.portal.windowext.Htmls, class bp.wf.data.AutoRptDtls, class bp.ccfast.ccmenu.SearchAttrs, class bp.ccbill.template.DictFlows, class bp.ccfast.ccmenu.MySystems, class bp.sys.DefVals, class bp.sys.frmui.MapAttrDTs, class bp.wf.template.FlowSorts, class bp.sys.MapDataTemplates, class bp.wf.template.Selectors, class bp.wf.template.FoolTruckNodeFrms, class bp.ccfast.portal.windowext.ChartRates, class bp.wf.admin.Frms, class bp.wf.template.frm.MapDataURLs, class bp.wf.rpt.MapRpts, class bp.ccbill.template.FrmTemplates, class bp.ccbill.FrmBBSs, class bp.sys.FrmAttachments, class bp.sys.frmui.MapFrameExts, class bp.wf.template.NodeSimples, class bp.sys.frmui.MapAttrCards, class bp.wf.template.ccen.CCDepts, class bp.wf.data.CHs, class bp.wf.port.WFEmps, class bp.wf.template.BtnLabs, class bp.demo.KeMus, class bp.sys.frmui.MapAttrDocWords, class bp.ccoa.worklog.WorkCheckers, class bp.ccbill.template.CollectionFlowBatchs, class bp.sys.frmui.FrmAttachmentExts, class bp.wf.data.GenerWorkFlowViews, class bp.ccbill.template.CollectionFuncs, class bp.wf.template.NodeTeams, class bp.ccbill.FrmDicts, class bp.wf.admin.Flows, class bp.wf.rpt.RptDepts, class bp.demo.Resumes, class bp.ccoa.Schedules, class bp.wf.rpt.RptEmps, class bp.sys.frmui.MapAttrChecks, class bp.wf.port.admin2group.Users, class bp.wf.template.frm.FrmPrintTemplates, class bp.ccfast.ccmenu.GroupMenus]
10:39:43.277 [http-nio-8089-exec-16] INFO  bp.da.Log - [ProcessRequestPost,43] - 方法[WebUser_Init]类[class bp.wf.httphandler.WF_Comm]
10:39:43.374 [http-nio-8089-exec-20] INFO  bp.da.Log - [ProcessRequestPost,43] - 方法[GenerWorkNode]类[class bp.wf.httphandler.WF_Comm]，
10:39:44.652 [http-nio-8089-exec-34] INFO  bp.da.Log - [ProcessRequestPost,43] - 方法[WebUser_Init]类[class bp.wf.httphandler.WF_Comm]
10:39:44.846 [http-nio-8089-exec-36] INFO  bp.da.Log - [ProcessRequestPost,43] - 方法[InitToolBar]类[class bp.wf.httphandler.WF_Comm]，
10:39:45.078 [http-nio-8089-exec-32] INFO  bp.da.Log - [ProcessRequestPost,43] - 方法[Entity_Init]类[class bp.wf.httphandler.WF_Comm]
10:39:45.480 [http-nio-8089-exec-32] INFO  bp.da.Log - [GetObjects,89] - 扫描 bp.en.Entity 父类，共 303 子类：[class bp.ccfast.portal.windowext.ChartRate, class bp.ccfast.ccmenu.Module, class bp.sys.frmui.MapAttrFlowBBS, class bp.sys.frmui.MapAttrGovDocFile, class bp.ccbill.template.DictFlow, class bp.wf.template.Cond, class bp.ccbill.template.GroupMethod, class bp.demo.QingJia, class bp.wf.data.admin2group.GenerWorkFlowView, class bp.ccbill.template.EmpCreate, class bp.ccbill.template.MethodFunc, class bp.ccfast.ccmenu.MySystem, class bp.wf.data.MyDeptFlow, class bp.ccbill.template.Collection, class bp.sys.frmui.MapAttrCard, class bp.demo.BanJi, class bp.ccoa.Schedule, class bp.wf.GenerWorkerList, class bp.ccfast.portal.windowext.ChartRing, class bp.wf.data.admin2group.CHExt, class bp.wf.GEWork, class bp.wf.template.FlowSheet, class bp.ccbill.template.MethodSingleDictGenerWorkFlow, class bp.wf.template.DirectionStation, class bp.wf.admin.FrmSort, class bp.ccbill.template.CollectionLink, class bp.wf.template.FrmNodeComponent, class bp.ccoa.knowledgemanagement.KMTree, class bp.wf.template.NodeReturn, class bp.sys.FrmDBVer, class bp.wf.data.CHNode, class bp.ccfast.ccmenu.PowerCenter, class bp.sys.GloVar, class bp.port.TeamType, class bp.port.Station, class bp.ccoa.ccinfo.Info, class bp.wf.admin.Flow, class bp.ccfast.portal.windowext.HtmlVar, class bp.en.GETree, class bp.sys.frmui.MapAttrCheck, class bp.wf.port.admin2group.OrgAdminer, class bp.wf.data.CCListExt, class bp.sys.Langue, class bp.wf.template.sflow.SubFlowHandGuide, class bp.sys.GroupField, class bp.ccbill.template.CollectionFlowBatch, class bp.sys.frmui.MapAttrFixed, class bp.ccfast.portal.windowext.Dtl, class bp.sys.MapData, class bp.en.GENoName, class bp.wf.template.TruckViewPower, class bp.wf.template.PushMsg, class bp.ccbill.template.MethodQRCode, class bp.wf.SMS, class bp.wf.data.CHExt, class bp.wf.template.NodeDept, class bp.sys.FrmImgAthDB, class bp.wf.port.Dept, class bp.pub.NY, class bp.wf.template.sflow.SubFlow, class bp.ccfast.rpt.Rpt3D, class bp.ccbill.template.CollectionFlowNewEntity, class bp.sys.CField, class bp.ccbill.sys.Func, class bp.wf.data.MyDeptTodolist, class bp.wf.template.ccen.CC, class bp.wf.TransferCustom, class bp.wf.template.sflow.SubFlowAuto, class bp.ccoa.worklog.WorkRec, class bp.port.Team, class bp.sys.MapExt, class bp.sys.frmui.FrmAttachmentExt, class bp.wf.template.NodeSheet, class bp.wf.template.FlowSort, class bp.sys.FrmAttachmentDB, class bp.wf.data.Monitor, class bp.sys.frmui.ExtImg, class bp.wf.template.FrmTransferCustom, class bp.sys.SFTableSQL, class bp.wf.data.admingroup.CHExt, class bp.sys.SFTableDict, class bp.sys.FrmImgAth, class bp.wf.GenerWorkFlow, class bp.ccoa.worklog.WorkChecker, class bp.wf.data.GenerWorkFlowViewNY, class bp.wf.CCList, class bp.sys.frmui.MapAttrDocWord, class bp.wf.rpt.MapRpt, class bp.wf.port.admin2group.OAFlowSort, class bp.sys.UserRegedit, class bp.ccbill.template.MethodFlowNewEntity, class bp.sys.frmui.MapAttrPrint, class bp.wf.admin.FlowSort, class bp.wf.template.NodeToolbar, class bp.port.TeamEmp, class bp.wf.rpt.RptDfine, class bp.wf.template.FrmNodeFieldRemove, class bp.sys.frmui.FrmImgAth, class bp.ccfast.ccmenu.EmpMenu, class bp.ccfast.ccmenu.GroupMenu, class bp.port.Dept, class bp.sys.FrmAttachment, class bp.sys.SysEnumMain, class bp.wf.template.sflow.SubFlowHand, class bp.demo.Resume, class bp.wf.template.BillTemplate, class bp.ccfast.portal.windowext.ChartPie, class bp.ccbill.template.MethodLink, class bp.ccbill.template.MethodFlowEtc, class bp.sys.EnCfg, class bp.sys.frmui.MapAttrString, class bp.ccfast.ccmenu.DeptMenu, class bp.sys.DefVal, class bp.ccfast.ccmenu.GroupStation, class bp.ccbill.FrmBill, class bp.sys.frmui.MapAttrDocWordReceive, class bp.wf.port.admin2group.User, class bp.ccfast.ccmenu.TabDtl, class bp.ccbill.DBList, class bp.ccbill.template.FrmTemplate, class bp.wf.template.FrmTrack, class bp.wf.port.admin2group.OAFrmTree, class bp.wf.template.FindWorkerRole, class bp.sys.MapDataVer, class bp.wf.template.sflow.FrmSubFlow, class bp.wf.rpt.RptStation, class bp.wf.template.ccen.CCStation, class bp.sys.UserLog, class bp.wf.template.frm.MapDataURL, class bp.sys.SysEnum, class bp.wf.template.NodeCancel, class bp.sys.GEDtl, class bp.sys.GloVarExt, class bp.wf.data.admingroup.GenerWorkFlowView, class bp.ccbill.template.MethodBill, class bp.ccbill.template.MethodFlowBaseData, class bp.sys.frmui.MapAttrEnum, class bp.wf.template.NodeSimple, class bp.wf.template.frm.MapFrmExcel, class bp.sys.SFTable, class bp.wf.port.admin2group.Dept, class bp.wf.template.NodeStation, class bp.wf.template.frm.MapFrmWps, class bp.wf.admin.Frm, class bp.ccfast.ccmenu.SearchAttr, class bp.wf.ReturnWork, class bp.wf.data.MyDeptEmp, class bp.wf.template.Direction, class bp.wf.template.FrmWorkCheck, class bp.ccoa.Task, class bp.ccbill.template.ToolbarBtn, class bp.ccfast.portal.WindowTemplate, class bp.ccbill.FrmDict, class bp.wf.template.NodeWorkCheck, class bp.sys.FrmBtn, class bp.wf.rpt.RptEmp, class bp.wf.template.FrmOrg, class bp.ccfast.portal.windowext.Html, class bp.sys.MapFrame, class bp.wf.template.NodeExt, class bp.wf.template.FrmNodeExt, class bp.wf.template.ExtJobSchedule, class bp.wf.template.FlowExt, class bp.sys.frmui.MapAttrSFTable, class bp.wf.template.AccepterRole, class bp.ccfast.StandAloneFlow, class bp.ccfast.ccmenu.Group, class bp.ccfast.portal.windowext.TabDtl, class bp.wf.template.Task, class bp.wf.template.frm.MapDataExt, class bp.wf.template.frm.MapFrmReferencePanel, class bp.ccfast.portal.windowext.ChartChina, class bp.wf.template.ccen.CCEmp, class bp.sys.FrmImg, class bp.wf.rpt.RptDept, class bp.sys.ExtContral, class bp.wf.data.MyStartFlow, class bp.wf.Auth, class bp.ccfast.portal.windowext.Table, class bp.ccoa.knowledgemanagement.KMDtl, class bp.ccbill.Track, class bp.wf.data.GERpt, class bp.sys.UserLogType, class bp.ccoa.ccinfo.InfoType, class bp.wf.template.frm.MapFrmFool, class bp.wf.data.AutoRpt, class bp.ccbill.template.StationCreate, class bp.sys.SFDBSrc, class bp.ccbill.DBListDBSrc, class bp.demo.Student, class bp.sys.MapAttr, class bp.sys.frmui.AthSingle, class bp.ccoa.knowledgemanagement.Knowledge, class bp.wf.template.ccen.CCDept, class bp.wf.template.frm.MapDtlExt, class bp.wf.data.MyAuthto, class bp.demo.StudentKeMu, class bp.ccfast.portal.windowext.ChartLine, class bp.sys.FrmEleDB, class bp.sys.frmui.FrmBtn, class bp.port.Emp, class bp.ccfast.portal.Window, class bp.wf.template.frm.MapFrmNode, class bp.sys.FrmRB, class bp.wf.port.admin2group.Org, class bp.wf.template.FlowOrg, class bp.wf.template.FrmNodeJiJian, class bp.wf.WorkFlowDeleteLog, class bp.wf.port.User, class bp.sys.EnVer, class bp.wf.template.SelectAccper, class bp.wf.GERpt, class bp.port.DeptEmpStation, class bp.sys.SFTableDtl, class bp.sys.GroupEnsTemplate, class bp.wf.template.DocTemplate, class bp.wf.template.FlowFormTree, class bp.sys.GEEntity, class bp.ccfast.portal.windowext.HtmlVarDtl, class bp.sys.frmui.MapAttrBoolen, class bp.wf.Flow, class bp.sys.GEEntityMyPK, class bp.ccbill.FrmBBS, class bp.wf.template.SysFormTree, class bp.wf.template.FrmNode, class bp.wf.template.FrmField, class bp.wf.data.Delay, class bp.sys.GEEntityWordFrm, class bp.wf.data.FlowSimple, class bp.ccbill.template.CollectionFunc, class bp.ccoa.worklog.WorkRecDtl, class bp.sys.RptTemplate, class bp.sys.SysDocFile, class bp.wf.data.MyJoinFlow, class bp.wf.template.FoolTruckNodeFrm, class bp.ccbill.template.Method, class bp.wf.port.DeptFlowSearch, class bp.ccbill.template.FrmStationDept, class bp.port.DeptEmp, class bp.wf.admin.Org, class bp.wf.template.NodeEmp, class bp.wf.port.WFEmp, class bp.sys.Serial, class bp.sys.frmui.MapFrameExt, class bp.wf.template.frm.MapFrmWord, class bp.ccfast.ccmenu.GroupEmp, class bp.wf.template.Selector, class bp.sys.frmui.SFTableClass, class bp.wf.template.LabNote, class bp.sys.FrmEvent, class bp.wf.weixin.Emp, class bp.ccbill.GenerBill, class bp.app.handler.Entity.XZCJ, class bp.sys.frmui.MapAttrDataView, class bp.sys.frmui.ExtLink, class bp.wf.template.Part, class bp.wf.RememberMe, class bp.ccfast.portal.windowext.iFrame, class bp.port.Token, class bp.sys.EnVerDtl, class bp.ccbill.template.MethodFlow, class bp.wf.Node, class bp.ccoa.worklog.WorkShare, class bp.sys.FastInput, class bp.wf.template.frm.FrmPrintTemplate, class bp.ccfast.ccmenu.Tab, class bp.ccfast.portal.windowext.Tab, class bp.sys.FrmDBRemark, class bp.sys.frmui.ExtMap, class bp.sys.MapDtl, class bp.ccfast.ccmenu.Menu, class bp.sys.frmui.SFTable, class bp.ccfast.ccmenu.StationMenu, class bp.sys.frmui.MapAttrSFSQL, class bp.wf.data.Eval, class bp.port.StationType, class bp.sys.frmui.FrmAttachmentSingle, class bp.wf.template.frm.CCFrm, class bp.wf.data.GenerWorkFlowView, class bp.sys.frmui.ExtScore, class bp.sys.UserLogLevel, class bp.ccoa.Notepad, class bp.wf.data.AutoRptDtl, class bp.app.handler.Entity.Emp, class bp.sys.MapDataTemplate, class bp.wf.Track, class bp.sys.frmui.MapAttrDT, class bp.wf.template.sflow.SubFlowYanXu, class bp.wf.template.FlowTab, class bp.demo.KeMu, class bp.sys.frmui.ExtHandWriting, class bp.wf.port.admingroup.Org, class bp.ccbill.template.FrmDeptCreate, class bp.ccfast.ccmenu.GroupDept, class bp.wf.template.PowerModel, class bp.sys.frmui.MapAttrNum, class bp.wf.template.NodeTeam, class bp.wf.template.BtnLab, class bp.wf.data.CH, class bp.wf.template.SQLTemplate, class bp.sys.SysFileManager, class bp.sys.GEEntityExcelFrm, class bp.wf.data.GenerWorkFlowExt]
10:40:03.138 [http-nio-8089-exec-52] INFO  bp.da.Log - [ProcessRequestPost,43] - 方法[WebUser_Init]类[class bp.wf.httphandler.WF_Comm]
10:40:03.202 [http-nio-8089-exec-53] INFO  bp.da.Log - [ProcessRequestPost,43] - 方法[Flows_InitSort]类[class bp.wf.httphandler.WF_Comm]，
10:40:03.278 [http-nio-8089-exec-54] INFO  bp.da.Log - [ProcessRequestPost,43] - 方法[Flows_Init]类[class bp.wf.httphandler.WF_Comm]，
10:40:17.037 [http-nio-8089-exec-72] INFO  bp.da.Log - [ProcessRequestPost,43] - 方法[WebUser_Init]类[class bp.wf.httphandler.WF_Comm]
10:40:17.057 [http-nio-8089-exec-73] INFO  bp.da.Log - [ProcessRequestPost,43] - 方法[Frms_InitSort]类[class bp.wf.httphandler.WF_Comm]，
10:40:17.120 [http-nio-8089-exec-76] INFO  bp.da.Log - [ProcessRequestPost,43] - 方法[Frms_Init]类[class bp.wf.httphandler.WF_Comm]，
10:40:33.061 [http-nio-8089-exec-95] INFO  bp.da.Log - [ProcessRequestPost,43] - 方法[WebUser_Init]类[class bp.wf.httphandler.WF_Comm]
10:40:33.087 [http-nio-8089-exec-96] INFO  bp.da.Log - [ProcessRequestPost,43] - 方法[Todolist_Init]类[class bp.wf.httphandler.WF_Comm]，
10:40:47.108 [http-nio-8089-exec-31] INFO  bp.da.Log - [ProcessRequestPost,43] - 方法[Entity_Init]类[class bp.wf.httphandler.WF_Comm]
10:40:47.136 [http-nio-8089-exec-38] INFO  bp.da.Log - [ProcessRequestPost,43] - 方法[Entities_Init]类[class bp.wf.httphandler.WF_Comm]
10:40:47.184 [http-nio-8089-exec-39] INFO  bp.da.Log - [ProcessRequestPost,43] - 方法[WebUser_Init]类[class bp.wf.httphandler.WF_Comm]
10:40:47.242 [http-nio-8089-exec-43] INFO  bp.da.Log - [ProcessRequestPost,43] - 方法[Entities_Init]类[class bp.wf.httphandler.WF_Comm]
10:40:47.280 [http-nio-8089-exec-42] INFO  bp.da.Log - [ProcessRequestPost,43] - 方法[Entities_Init]类[class bp.wf.httphandler.WF_Comm]
10:40:47.312 [http-nio-8089-exec-41] INFO  bp.da.Log - [ProcessRequestPost,43] - 方法[Entities_Init]类[class bp.wf.httphandler.WF_Comm]
10:40:52.005 [http-nio-8089-exec-45] INFO  bp.da.Log - [ProcessRequestPost,43] - 方法[Default_LetAdminerLogin]类[class bp.wf.httphandler.WF_Comm]，
10:41:22.548 [http-nio-8089-exec-55] INFO  bp.da.Log - [ProcessRequestPost,43] - 方法[WebUser_Init]类[class bp.wf.httphandler.WF_Comm]
10:41:22.695 [http-nio-8089-exec-58] INFO  bp.da.Log - [ProcessRequestPost,43] - 方法[Entities_DoMethodReturnString]类[class bp.wf.httphandler.WF_Comm]
10:41:26.849 [http-nio-8089-exec-57] INFO  bp.da.Log - [ProcessRequestPost,43] - 方法[MyFlow_Init]类[class bp.wf.httphandler.WF_Comm]，
10:41:27.215 [http-nio-8089-exec-81] INFO  bp.da.Log - [ProcessRequestPost,43] - 方法[WebUser_Init]类[class bp.wf.httphandler.WF_Comm]
10:41:27.305 [http-nio-8089-exec-86] INFO  bp.da.Log - [ProcessRequestPost,43] - 方法[GenerWorkNode]类[class bp.wf.httphandler.WF_Comm]，
10:41:27.964 [http-nio-8089-exec-95] INFO  bp.da.Log - [ProcessRequestPost,43] - 方法[WebUser_Init]类[class bp.wf.httphandler.WF_Comm]
10:41:28.086 [http-nio-8089-exec-97] INFO  bp.da.Log - [ProcessRequestPost,43] - 方法[InitToolBar]类[class bp.wf.httphandler.WF_Comm]，
10:41:28.122 [http-nio-8089-exec-98] INFO  bp.da.Log - [ProcessRequestPost,43] - 方法[Entity_Init]类[class bp.wf.httphandler.WF_Comm]
10:41:48.341 [SpringApplicationShutdownHook] INFO  o.q.c.QuartzScheduler - [standby,585] - Scheduler quartzScheduler_$_NON_CLUSTERED paused.
10:41:51.890 [SpringApplicationShutdownHook] INFO  o.q.c.QuartzScheduler - [shutdown,666] - Scheduler quartzScheduler_$_NON_CLUSTERED shutting down.
10:41:51.908 [SpringApplicationShutdownHook] INFO  o.q.c.QuartzScheduler - [standby,585] - Scheduler quartzScheduler_$_NON_CLUSTERED paused.
10:41:51.917 [SpringApplicationShutdownHook] INFO  o.q.c.QuartzScheduler - [shutdown,740] - Scheduler quartzScheduler_$_NON_CLUSTERED shutdown complete.
10:41:51.927 [SpringApplicationShutdownHook] INFO  sys-user - [shutdownSpringSessionValidationScheduler,45] - ====关闭会话验证任务====
10:41:51.969 [SpringApplicationShutdownHook] INFO  sys-user - [shutdownAsyncManager,62] - ====关闭后台任务任务线程池====
10:41:51.972 [SpringApplicationShutdownHook] INFO  sys-user - [shutdownEhCacheManager,75] - ====关闭缓存====
10:41:52.678 [SpringApplicationShutdownHook] INFO  c.a.d.p.DruidDataSource - [close,2138] - {dataSource-1} closing ...
10:41:53.245 [SpringApplicationShutdownHook] INFO  c.a.d.p.DruidDataSource - [close,2211] - {dataSource-1} closed
11:03:09.983 [background-preinit] INFO  o.h.v.i.util.Version - [<clinit>,21] - HV000001: Hibernate Validator 6.2.3.Final
11:03:10.006 [restartedMain] INFO  c.r.RuoYiApplication - [logStarting,55] - Starting RuoYiApplication using Java 1.8.0_321 on sanhuodeMacBook-Pro.local with PID 69408 (/Users/s/Desktop/JinLianERP/RuoYi-JFlow/ruoyi-admin/target/classes started by s in /Users/s/Desktop/JinLianERP/RuoYi-JFlow)
11:03:10.007 [restartedMain] INFO  c.r.RuoYiApplication - [logStartupProfileInfo,686] - The following 1 profile is active: "druid"
11:03:14.188 [restartedMain] INFO  o.a.s.c.e.EhCacheManager - [getCache,169] - Using existing EHCache named [sys-authCache]
11:03:15.607 [restartedMain] INFO  o.a.s.c.e.EhCacheManager - [getCache,169] - Using existing EHCache named [loginRecordCache]
11:03:18.681 [restartedMain] INFO  c.a.d.p.DruidDataSource - [init,996] - {dataSource-1} inited
11:03:19.120 [restartedMain] INFO  o.a.s.c.e.EhCacheManager - [getCache,169] - Using existing EHCache named [sys-config]
11:03:19.126 [restartedMain] INFO  o.a.s.c.e.EhCacheManager - [getCache,169] - Using existing EHCache named [sys-config]
11:03:19.126 [restartedMain] INFO  o.a.s.c.e.EhCacheManager - [getCache,169] - Using existing EHCache named [sys-config]
11:03:19.127 [restartedMain] INFO  o.a.s.c.e.EhCacheManager - [getCache,169] - Using existing EHCache named [sys-config]
11:03:19.127 [restartedMain] INFO  o.a.s.c.e.EhCacheManager - [getCache,169] - Using existing EHCache named [sys-config]
11:03:19.128 [restartedMain] INFO  o.a.s.c.e.EhCacheManager - [getCache,169] - Using existing EHCache named [sys-config]
11:03:19.129 [restartedMain] INFO  o.a.s.c.e.EhCacheManager - [getCache,169] - Using existing EHCache named [sys-config]
11:03:19.129 [restartedMain] INFO  o.a.s.c.e.EhCacheManager - [getCache,169] - Using existing EHCache named [sys-config]
11:03:19.130 [restartedMain] INFO  o.a.s.c.e.EhCacheManager - [getCache,169] - Using existing EHCache named [sys-config]
11:03:19.130 [restartedMain] INFO  o.a.s.c.e.EhCacheManager - [getCache,169] - Using existing EHCache named [sys-config]
11:03:19.478 [restartedMain] INFO  o.a.s.c.e.EhCacheManager - [getCache,169] - Using existing EHCache named [sys-userCache]
11:03:20.410 [restartedMain] INFO  o.a.c.h.Http11NioProtocol - [log,173] - Initializing ProtocolHandler ["http-nio-8089"]
11:03:20.411 [restartedMain] INFO  o.a.c.c.StandardService - [log,173] - Starting service [Tomcat]
11:03:20.411 [restartedMain] INFO  o.a.c.c.StandardEngine - [log,173] - Starting Servlet engine: [Apache Tomcat/9.0.63]
11:03:20.590 [restartedMain] INFO  o.a.c.c.C.[.[.[/ry-jflow] - [log,173] - Initializing Spring embedded WebApplicationContext
11:03:21.286 [restartedMain] INFO  o.a.s.c.e.EhCacheManager - [getCache,169] - Using existing EHCache named [sys-dict]
11:03:21.287 [restartedMain] INFO  o.a.s.c.e.EhCacheManager - [getCache,169] - Using existing EHCache named [sys-dict]
11:03:21.288 [restartedMain] INFO  o.a.s.c.e.EhCacheManager - [getCache,169] - Using existing EHCache named [sys-dict]
11:03:21.289 [restartedMain] INFO  o.a.s.c.e.EhCacheManager - [getCache,169] - Using existing EHCache named [sys-dict]
11:03:21.290 [restartedMain] INFO  o.a.s.c.e.EhCacheManager - [getCache,169] - Using existing EHCache named [sys-dict]
11:03:21.290 [restartedMain] INFO  o.a.s.c.e.EhCacheManager - [getCache,169] - Using existing EHCache named [sys-dict]
11:03:21.291 [restartedMain] INFO  o.a.s.c.e.EhCacheManager - [getCache,169] - Using existing EHCache named [sys-dict]
11:03:21.291 [restartedMain] INFO  o.a.s.c.e.EhCacheManager - [getCache,169] - Using existing EHCache named [sys-dict]
11:03:21.292 [restartedMain] INFO  o.a.s.c.e.EhCacheManager - [getCache,169] - Using existing EHCache named [sys-dict]
11:03:21.292 [restartedMain] INFO  o.a.s.c.e.EhCacheManager - [getCache,169] - Using existing EHCache named [sys-dict]
11:03:22.074 [restartedMain] INFO  o.q.i.StdSchedulerFactory - [instantiate,1220] - Using default implementation for ThreadExecutor
11:03:22.111 [restartedMain] INFO  o.q.c.SchedulerSignalerImpl - [<init>,61] - Initialized Scheduler Signaller of type: class org.quartz.core.SchedulerSignalerImpl
11:03:22.112 [restartedMain] INFO  o.q.c.QuartzScheduler - [<init>,229] - Quartz Scheduler v.2.3.2 created.
11:03:22.113 [restartedMain] INFO  o.q.s.RAMJobStore - [initialize,155] - RAMJobStore initialized.
11:03:22.113 [restartedMain] INFO  o.q.c.QuartzScheduler - [initialize,294] - Scheduler meta-data: Quartz Scheduler (v2.3.2) 'quartzScheduler' with instanceId 'NON_CLUSTERED'
  Scheduler class: 'org.quartz.core.QuartzScheduler' - running locally.
  NOT STARTED.
  Currently in standby mode.
  Number of jobs executed: 0
  Using thread pool 'org.quartz.simpl.SimpleThreadPool' - with 10 threads.
  Using job-store 'org.quartz.simpl.RAMJobStore' - which does not support persistence. and is not clustered.

11:03:22.114 [restartedMain] INFO  o.q.i.StdSchedulerFactory - [instantiate,1374] - Quartz scheduler 'quartzScheduler' initialized from an externally provided properties instance.
11:03:22.114 [restartedMain] INFO  o.q.i.StdSchedulerFactory - [instantiate,1378] - Quartz scheduler version: 2.3.2
11:03:22.114 [restartedMain] INFO  o.q.c.QuartzScheduler - [setJobFactory,2293] - JobFactory set to: org.springframework.scheduling.quartz.SpringBeanJobFactory@71eb23c9
11:03:30.506 [restartedMain] INFO  o.a.c.h.Http11NioProtocol - [log,173] - Starting ProtocolHandler ["http-nio-8089"]
11:03:31.062 [restartedMain] INFO  o.q.c.QuartzScheduler - [start,547] - Scheduler quartzScheduler_$_NON_CLUSTERED started.
11:03:31.088 [restartedMain] INFO  c.r.RuoYiApplication - [logStarted,61] - Started RuoYiApplication in 22.011 seconds (JVM running for 25.26)
11:04:45.417 [http-nio-8089-exec-1] INFO  o.a.c.c.C.[.[.[/ry-jflow] - [log,173] - Initializing Spring DispatcherServlet 'dispatcherServlet'
11:04:45.518 [http-nio-8089-exec-1] INFO  o.a.s.s.m.AbstractValidatingSessionManager - [enableSessionValidation,233] - Enabling session validation scheduler...
11:04:45.574 [http-nio-8089-exec-1] INFO  o.a.s.c.e.EhCacheManager - [getCache,169] - Using existing EHCache named [shiro-activeSessionCache]
11:04:46.463 [http-nio-8089-exec-1] INFO  o.a.s.c.e.EhCacheManager - [getCache,169] - Using existing EHCache named [sys-config]
11:04:46.566 [schedule-pool-1] INFO  c.r.f.s.w.s.OnlineWebSessionManager - [validateSessions,100] - invalidation sessions...
11:04:46.951 [schedule-pool-1] INFO  c.r.f.s.w.s.OnlineWebSessionManager - [validateSessions,165] - Finished invalidation session. No sessions were stopped.
11:05:05.956 [http-nio-8089-exec-20] INFO  o.a.s.c.e.EhCacheManager - [getCache,169] - Using existing EHCache named [sys-config]
11:05:06.634 [schedule-pool-2] INFO  sys-user - [run,109] - [127.0.0.1]内网IP[admin][Success][登录成功]
11:05:07.790 [http-nio-8089-exec-21] INFO  o.a.s.c.e.EhCacheManager - [getCache,169] - Using existing EHCache named [sys-config]
11:05:07.792 [http-nio-8089-exec-21] INFO  o.a.s.c.e.EhCacheManager - [getCache,169] - Using existing EHCache named [sys-config]
11:05:07.793 [http-nio-8089-exec-21] INFO  o.a.s.c.e.EhCacheManager - [getCache,169] - Using existing EHCache named [sys-config]
11:05:07.794 [http-nio-8089-exec-21] INFO  o.a.s.c.e.EhCacheManager - [getCache,169] - Using existing EHCache named [sys-config]
11:05:07.795 [http-nio-8089-exec-21] INFO  o.a.s.c.e.EhCacheManager - [getCache,169] - Using existing EHCache named [sys-config]
11:05:07.795 [http-nio-8089-exec-21] INFO  o.a.s.c.e.EhCacheManager - [getCache,169] - Using existing EHCache named [sys-config]
11:05:07.798 [http-nio-8089-exec-21] INFO  o.a.s.c.e.EhCacheManager - [getCache,169] - Using existing EHCache named [sys-config]
11:05:09.324 [http-nio-8089-exec-70] INFO  bp.da.Log - [ProcessRequestPost,43] - 方法[WebUser_Init]类[class bp.wf.httphandler.WF_Comm]
11:05:09.440 [http-nio-8089-exec-71] INFO  bp.da.Log - [ProcessRequestPost,43] - 方法[Todolist_Init]类[class bp.wf.httphandler.WF_Comm]，
11:05:11.408 [http-nio-8089-exec-71] INFO  bp.da.Log - [GetObjects,89] - 扫描 bp.difference.handler.WebContralBase 父类，共 16 子类：[class bp.ccbill.WF_CCBill_Admin_Collection, class bp.ccbill.WF_CCBill_API, class bp.ccbill.WF_CCBill_Admin_DBList, class bp.ccbill.WF_CCBill_Admin_Method, class bp.ccbill.WF_CCBill_Portal, class bp.ccbill.WF_CCBill_OptOneFlow, class bp.cloud.httphandler.App_OneFlow, class bp.ccbill.WF_CCBill_OptComponents, class bp.ccbill.WF_CCBill_Admin, class bp.ccfast.ccmenu.PortPage, class bp.wf.difference.WF_Admin_FoolFormDesigner, class bp.ccbill.WF_CCBill, class bp.ccbill.WF_CCBill_Opt, class bp.ccbill.WF_CCBill_Admin_MethodDoc, class bp.ccbill.WF_CCBill_Admin_MethodDocSys, class bp.app.handler.ZYApp]
11:05:49.855 [http-nio-8089-exec-89] INFO  bp.da.Log - [ProcessRequestPost,43] - 方法[WebUser_Init]类[class bp.wf.httphandler.WF_Comm]
11:05:49.872 [http-nio-8089-exec-90] INFO  bp.da.Log - [ProcessRequestPost,43] - 方法[Frms_InitSort]类[class bp.wf.httphandler.WF_Comm]，
11:05:50.037 [http-nio-8089-exec-91] INFO  bp.da.Log - [ProcessRequestPost,43] - 方法[Frms_Init]类[class bp.wf.httphandler.WF_Comm]，
11:06:31.077 [http-nio-8089-exec-11] INFO  bp.da.Log - [ProcessRequestPost,43] - 方法[WebUser_Init]类[class bp.wf.httphandler.WF_Comm]
11:06:34.585 [http-nio-8089-exec-23] INFO  bp.da.Log - [ProcessRequestPost,43] - 方法[WebUser_Init]类[class bp.wf.httphandler.WF_Comm]
11:06:34.604 [http-nio-8089-exec-24] INFO  bp.da.Log - [ProcessRequestPost,43] - 方法[NewFrmGuide_Init]类[class bp.wf.httphandler.WF_Comm]，
11:07:31.602 [SpringApplicationShutdownHook] INFO  o.q.c.QuartzScheduler - [standby,585] - Scheduler quartzScheduler_$_NON_CLUSTERED paused.
11:07:33.231 [SpringApplicationShutdownHook] INFO  o.q.c.QuartzScheduler - [shutdown,666] - Scheduler quartzScheduler_$_NON_CLUSTERED shutting down.
11:07:33.232 [SpringApplicationShutdownHook] INFO  o.q.c.QuartzScheduler - [standby,585] - Scheduler quartzScheduler_$_NON_CLUSTERED paused.
11:07:33.233 [SpringApplicationShutdownHook] INFO  o.q.c.QuartzScheduler - [shutdown,740] - Scheduler quartzScheduler_$_NON_CLUSTERED shutdown complete.
11:07:33.235 [SpringApplicationShutdownHook] INFO  sys-user - [shutdownSpringSessionValidationScheduler,45] - ====关闭会话验证任务====
11:07:33.239 [SpringApplicationShutdownHook] INFO  sys-user - [shutdownAsyncManager,62] - ====关闭后台任务任务线程池====
11:07:33.239 [SpringApplicationShutdownHook] INFO  sys-user - [shutdownEhCacheManager,75] - ====关闭缓存====
11:07:33.298 [SpringApplicationShutdownHook] INFO  c.a.d.p.DruidDataSource - [close,2138] - {dataSource-1} closing ...
11:07:33.338 [SpringApplicationShutdownHook] INFO  c.a.d.p.DruidDataSource - [close,2211] - {dataSource-1} closed
