10:39:06.678 [http-nio-8089-exec-22] ERROR c.a.d.f.s.StatFilter - [internalAfterStatementExecute,504] - slow sql 1001 millis. update sys_user
 		 SET login_ip = ?,
 			login_date = ?,
 			
 			
 			
 			update_time = sysdate() 
 		where user_id = ?["127.0.0.1","2023-04-12 10:39:05",1]
10:39:07.056 [schedule-pool-2] ERROR c.a.d.f.s.StatFilter - [internalAfterStatementExecute,504] - slow sql 1273 millis. insert into sys_logininfor (login_name, status, ipaddr, login_location, browser, os, msg, login_time)
		values (?, ?, ?, ?, ?, ?, ?, sysdate())["admin","0","127.0.0.1","内网IP","Chrome 11","Mac OS X","登录成功"]
11:06:34.700 [http-nio-8089-exec-24] ERROR bp.da.Log - [RunSQLReturnResultSet_201809_MySQL,2616] - @运行查询在(RunSQLReturnResultSet_201809_MySQL)出错。
  @SQL:  SELECT    No, Name,IFNULL(DBSrcType,0)   DBSrcType, CASE DBSrcType WHEN 0 THEN '应用系统主数据库(默认)' WHEN 1 THEN 'SQLServer数据库' WHEN 2 THEN 'Oracle数据库' WHEN 3 THEN 'MySQL数据库' WHEN 4 THEN 'Informix数据库' WHEN 8 THEN 'KingBase数据库' WHEN 50 THEN 'Dubbo服务' WHEN 100 THEN 'WebService数据源' WHEN NULL THEN '应用系统主数据库(默认)' END "DBSrcTypeText", DBName, ConnString FROM Sys_SFDBSrc WHERE (1=1)  AND Sys_SFDBSrc.No=:No
  @Param: Num=1, No=local(String)
  @异常信息: Unknown column 'ConnString' in 'field list'
11:06:35.659 [http-nio-8089-exec-24] ERROR c.a.d.f.s.StatFilter - [mergeSql,150] - merge sql error, dbType mysql, druid-1.2.16, sql : Sys_SFDBSrc
com.alibaba.druid.sql.parser.ParserException: not supported.pos 11, line 1, column 1, token IDENTIFIER Sys_SFDBSrc
	at com.alibaba.druid.sql.parser.SQLStatementParser.parseStatementList(SQLStatementParser.java:615)
	at com.alibaba.druid.sql.parser.SQLStatementParser.parseStatementList(SQLStatementParser.java:101)
	at com.alibaba.druid.sql.visitor.ParameterizedOutputVisitorUtils.parameterize(ParameterizedOutputVisitorUtils.java:163)
	at com.alibaba.druid.sql.visitor.ParameterizedOutputVisitorUtils.parameterize(ParameterizedOutputVisitorUtils.java:134)
	at com.alibaba.druid.filter.stat.StatFilter.mergeSql(StatFilter.java:148)
	at com.alibaba.druid.filter.stat.StatFilter.createSqlStat(StatFilter.java:672)
	at com.alibaba.druid.filter.stat.StatFilter.internalBeforeStatementExecute(StatFilter.java:417)
	at com.alibaba.druid.filter.stat.StatFilter.statementExecuteQueryBefore(StatFilter.java:355)
	at com.alibaba.druid.filter.FilterEventAdapter.statement_executeQuery(FilterEventAdapter.java:293)
	at com.alibaba.druid.filter.FilterChainImpl.statement_executeQuery(FilterChainImpl.java:2863)
	at com.alibaba.druid.proxy.jdbc.StatementProxyImpl.executeQuery(StatementProxyImpl.java:215)
	at com.alibaba.druid.pool.DruidPooledStatement.executeQuery(DruidPooledStatement.java:300)
	at bp.da.DBAccess.RunSQLReturnTable_200705_MySQL(DBAccess.java:2328)
	at bp.da.DBAccess.RunSQLReturnVal(DBAccess.java:3045)
	at bp.da.DBAccess.IsExits(DBAccess.java:3069)
	at bp.en.Entity.Retrieve(Entity.java:1678)
	at bp.sys.SFDBSrc.<init>(SFDBSrc.java:846)
	at bp.wf.httphandler.WF_Admin_CCFormDesigner.NewFrmGuide_Init(WF_Admin_CCFormDesigner.java:166)
	at sun.reflect.NativeMethodAccessorImpl.invoke0(Native Method)
	at sun.reflect.NativeMethodAccessorImpl.invoke(NativeMethodAccessorImpl.java:62)
	at sun.reflect.DelegatingMethodAccessorImpl.invoke(DelegatingMethodAccessorImpl.java:43)
	at java.lang.reflect.Method.invoke(Method.java:498)
	at bp.difference.handler.WebContralBase.DoMethod(WebContralBase.java:182)
	at bp.wf.httphandler.WF_Comm.HttpHandler(WF_Comm.java:4410)
	at sun.reflect.NativeMethodAccessorImpl.invoke0(Native Method)
	at sun.reflect.NativeMethodAccessorImpl.invoke(NativeMethodAccessorImpl.java:62)
	at sun.reflect.DelegatingMethodAccessorImpl.invoke(DelegatingMethodAccessorImpl.java:43)
	at java.lang.reflect.Method.invoke(Method.java:498)
	at bp.difference.handler.WebContralBase.DoMethod(WebContralBase.java:182)
	at bp.difference.handler.HttpHandlerBase.ProcessRequestPost(HttpHandlerBase.java:50)
	at bp.difference.handler.WF_Comm_Controller.ProcessRequest(WF_Comm_Controller.java:36)
	at sun.reflect.NativeMethodAccessorImpl.invoke0(Native Method)
	at sun.reflect.NativeMethodAccessorImpl.invoke(NativeMethodAccessorImpl.java:62)
	at sun.reflect.DelegatingMethodAccessorImpl.invoke(DelegatingMethodAccessorImpl.java:43)
	at java.lang.reflect.Method.invoke(Method.java:498)
	at org.springframework.web.method.support.InvocableHandlerMethod.doInvoke(InvocableHandlerMethod.java:205)
	at org.springframework.web.method.support.InvocableHandlerMethod.invokeForRequest(InvocableHandlerMethod.java:150)
	at org.springframework.web.servlet.mvc.method.annotation.ServletInvocableHandlerMethod.invokeAndHandle(ServletInvocableHandlerMethod.java:117)
	at org.springframework.web.servlet.mvc.method.annotation.RequestMappingHandlerAdapter.invokeHandlerMethod(RequestMappingHandlerAdapter.java:895)
	at org.springframework.web.servlet.mvc.method.annotation.RequestMappingHandlerAdapter.handleInternal(RequestMappingHandlerAdapter.java:808)
	at org.springframework.web.servlet.mvc.method.AbstractHandlerMethodAdapter.handle(AbstractHandlerMethodAdapter.java:87)
	at org.springframework.web.servlet.DispatcherServlet.doDispatch(DispatcherServlet.java:1067)
	at org.springframework.web.servlet.DispatcherServlet.doService(DispatcherServlet.java:963)
	at org.springframework.web.servlet.FrameworkServlet.processRequest(FrameworkServlet.java:1006)
	at org.springframework.web.servlet.FrameworkServlet.doPost(FrameworkServlet.java:909)
	at javax.servlet.http.HttpServlet.service(HttpServlet.java:681)
	at org.springframework.web.servlet.FrameworkServlet.service(FrameworkServlet.java:883)
	at javax.servlet.http.HttpServlet.service(HttpServlet.java:764)
	at org.apache.catalina.core.ApplicationFilterChain.internalDoFilter(ApplicationFilterChain.java:227)
	at org.apache.catalina.core.ApplicationFilterChain.doFilter(ApplicationFilterChain.java:162)
	at org.apache.tomcat.websocket.server.WsFilter.doFilter(WsFilter.java:53)
	at org.apache.catalina.core.ApplicationFilterChain.internalDoFilter(ApplicationFilterChain.java:189)
	at org.apache.catalina.core.ApplicationFilterChain.doFilter(ApplicationFilterChain.java:162)
	at org.apache.shiro.web.servlet.ProxiedFilterChain.doFilter(ProxiedFilterChain.java:61)
	at org.apache.shiro.web.servlet.AdviceFilter.executeChain(AdviceFilter.java:108)
	at org.apache.shiro.web.servlet.AdviceFilter.doFilterInternal(AdviceFilter.java:137)
	at org.apache.shiro.web.servlet.OncePerRequestFilter.doFilter(OncePerRequestFilter.java:154)
	at org.apache.shiro.web.servlet.ProxiedFilterChain.doFilter(ProxiedFilterChain.java:66)
	at org.apache.shiro.web.servlet.AdviceFilter.executeChain(AdviceFilter.java:108)
	at org.apache.shiro.web.servlet.AdviceFilter.doFilterInternal(AdviceFilter.java:137)
	at org.apache.shiro.web.servlet.OncePerRequestFilter.doFilter(OncePerRequestFilter.java:154)
	at org.apache.shiro.web.servlet.ProxiedFilterChain.doFilter(ProxiedFilterChain.java:66)
	at org.apache.shiro.web.servlet.AdviceFilter.executeChain(AdviceFilter.java:108)
	at org.apache.shiro.web.servlet.AdviceFilter.doFilterInternal(AdviceFilter.java:137)
	at org.apache.shiro.web.servlet.OncePerRequestFilter.doFilter(OncePerRequestFilter.java:154)
	at org.apache.shiro.web.servlet.ProxiedFilterChain.doFilter(ProxiedFilterChain.java:66)
	at org.apache.shiro.web.servlet.AdviceFilter.executeChain(AdviceFilter.java:108)
	at org.apache.shiro.web.servlet.AdviceFilter.doFilterInternal(AdviceFilter.java:137)
	at org.apache.shiro.web.servlet.OncePerRequestFilter.doFilter(OncePerRequestFilter.java:154)
	at org.apache.shiro.web.servlet.ProxiedFilterChain.doFilter(ProxiedFilterChain.java:66)
	at org.apache.shiro.web.servlet.AdviceFilter.executeChain(AdviceFilter.java:108)
	at org.apache.shiro.web.servlet.AdviceFilter.doFilterInternal(AdviceFilter.java:137)
	at org.apache.shiro.web.servlet.OncePerRequestFilter.doFilter(OncePerRequestFilter.java:154)
	at org.apache.shiro.web.servlet.ProxiedFilterChain.doFilter(ProxiedFilterChain.java:66)
	at org.apache.shiro.web.servlet.AbstractShiroFilter.executeChain(AbstractShiroFilter.java:458)
	at org.apache.shiro.web.servlet.AbstractShiroFilter$1.call(AbstractShiroFilter.java:373)
	at org.apache.shiro.subject.support.SubjectCallable.doCall(SubjectCallable.java:90)
	at org.apache.shiro.subject.support.SubjectCallable.call(SubjectCallable.java:83)
	at org.apache.shiro.subject.support.DelegatingSubject.execute(DelegatingSubject.java:387)
	at org.apache.shiro.web.servlet.AbstractShiroFilter.doFilterInternal(AbstractShiroFilter.java:370)
	at org.apache.shiro.web.servlet.OncePerRequestFilter.doFilter(OncePerRequestFilter.java:154)
	at org.apache.catalina.core.ApplicationFilterChain.internalDoFilter(ApplicationFilterChain.java:189)
	at org.apache.catalina.core.ApplicationFilterChain.doFilter(ApplicationFilterChain.java:162)
	at bp.difference.context.XSSAttackInterceptor.doFilter(XSSAttackInterceptor.java:21)
	at org.apache.catalina.core.ApplicationFilterChain.internalDoFilter(ApplicationFilterChain.java:189)
	at org.apache.catalina.core.ApplicationFilterChain.doFilter(ApplicationFilterChain.java:162)
	at bp.difference.context.CORSFilter.doFilter(CORSFilter.java:41)
	at org.apache.catalina.core.ApplicationFilterChain.internalDoFilter(ApplicationFilterChain.java:189)
	at org.apache.catalina.core.ApplicationFilterChain.doFilter(ApplicationFilterChain.java:162)
	at com.alibaba.druid.support.http.WebStatFilter.doFilter(WebStatFilter.java:114)
	at org.apache.catalina.core.ApplicationFilterChain.internalDoFilter(ApplicationFilterChain.java:189)
	at org.apache.catalina.core.ApplicationFilterChain.doFilter(ApplicationFilterChain.java:162)
	at org.springframework.web.filter.RequestContextFilter.doFilterInternal(RequestContextFilter.java:100)
	at org.springframework.web.filter.OncePerRequestFilter.doFilter(OncePerRequestFilter.java:117)
	at org.apache.catalina.core.ApplicationFilterChain.internalDoFilter(ApplicationFilterChain.java:189)
	at org.apache.catalina.core.ApplicationFilterChain.doFilter(ApplicationFilterChain.java:162)
	at org.springframework.web.filter.FormContentFilter.doFilterInternal(FormContentFilter.java:93)
	at org.springframework.web.filter.OncePerRequestFilter.doFilter(OncePerRequestFilter.java:117)
	at org.apache.catalina.core.ApplicationFilterChain.internalDoFilter(ApplicationFilterChain.java:189)
	at org.apache.catalina.core.ApplicationFilterChain.doFilter(ApplicationFilterChain.java:162)
	at org.springframework.web.filter.CharacterEncodingFilter.doFilterInternal(CharacterEncodingFilter.java:201)
	at org.springframework.web.filter.OncePerRequestFilter.doFilter(OncePerRequestFilter.java:117)
	at org.apache.catalina.core.ApplicationFilterChain.internalDoFilter(ApplicationFilterChain.java:189)
	at org.apache.catalina.core.ApplicationFilterChain.doFilter(ApplicationFilterChain.java:162)
	at org.apache.catalina.core.StandardWrapperValve.invoke(StandardWrapperValve.java:197)
	at org.apache.catalina.core.StandardContextValve.invoke(StandardContextValve.java:97)
	at org.apache.catalina.authenticator.AuthenticatorBase.invoke(AuthenticatorBase.java:541)
	at org.apache.catalina.core.StandardHostValve.invoke(StandardHostValve.java:135)
	at org.apache.catalina.valves.ErrorReportValve.invoke(ErrorReportValve.java:92)
	at org.apache.catalina.core.StandardEngineValve.invoke(StandardEngineValve.java:78)
	at org.apache.catalina.connector.CoyoteAdapter.service(CoyoteAdapter.java:360)
	at org.apache.coyote.http11.Http11Processor.service(Http11Processor.java:399)
	at org.apache.coyote.AbstractProcessorLight.process(AbstractProcessorLight.java:65)
	at org.apache.coyote.AbstractProtocol$ConnectionHandler.process(AbstractProtocol.java:890)
	at org.apache.tomcat.util.net.NioEndpoint$SocketProcessor.doRun(NioEndpoint.java:1743)
	at org.apache.tomcat.util.net.SocketProcessorBase.run(SocketProcessorBase.java:49)
	at org.apache.tomcat.util.threads.ThreadPoolExecutor.runWorker(ThreadPoolExecutor.java:1191)
	at org.apache.tomcat.util.threads.ThreadPoolExecutor$Worker.run(ThreadPoolExecutor.java:659)
	at org.apache.tomcat.util.threads.TaskThread$WrappingRunnable.run(TaskThread.java:61)
	at java.lang.Thread.run(Thread.java:750)
11:06:35.662 [http-nio-8089-exec-24] ERROR bp.da.Log - [RunSQLReturnTable_200705_MySQL,2369] - @运行查询在(RunSQLReturnTable_200705_MySQL)出错。
  @SQL: Sys_SFDBSrc
  @Param: Num=0
  @异常信息: Statement.executeQuery() cannot issue statements that do not produce result sets.
11:06:35.690 [http-nio-8089-exec-24] ERROR bp.da.Log - [DoMethod,204] - bp.wf.HttpHangerBase.DoMethod()err@页面类[bp.wf.httphandler.WF_Admin_CCFormDesigner@435aaef6,方法[NewFrmGuide_Init]执行错误.	
@参数:DoType=HttpHandler&DoMethod=NewFrmGuide_Init&HttpHandlerName=BP.WF.HttpHandler.WF_Admin_CCFormDesigner&t=0.20648879274479737	
@Msg:@运行查询在(RunSQLReturnResultSet_201809_MySQL)出错。
  @SQL:  SELECT    No, Name,IFNULL(DBSrcType,0)   DBSrcType, CASE DBSrcType WHEN 0 THEN '应用系统主数据库(默认)' WHEN 1 THEN 'SQLServer数据库' WHEN 2 THEN 'Oracle数据库' WHEN 3 THEN 'MySQL数据库' WHEN 4 THEN 'Informix数据库' WHEN 8 THEN 'KingBase数据库' WHEN 50 THEN 'Dubbo服务' WHEN 100 THEN 'WebService数据源' WHEN NULL THEN '应用系统主数据库(默认)' END "DBSrcTypeText", DBName, ConnString FROM Sys_SFDBSrc WHERE (1=1)  AND Sys_SFDBSrc.No=:No
  @Param: Num=1, No=local(String)
  @异常信息: Unknown column 'ConnString' in 'field list'@在Entity(bp.sys.SFDBSrc)查询期间出现错误@[Ljava.lang.StackTraceElement;@7fa5afdf
